0 info it worked if it ends with ok
1 verbose cli [ 'node',
1 verbose cli   '/Users/michael_wang/.nvm/versions/node/v0.12.13/bin/npm',
1 verbose cli   'start' ]
2 info using npm@3.8.5
3 info using node@v0.12.13
4 verbose run-script [ 'prestart', 'start', 'poststart' ]
5 info lifecycle ethereum_price_bot@1.0.0~prestart: ethereum_price_bot@1.0.0
6 silly lifecycle ethereum_price_bot@1.0.0~prestart: no script for prestart, continuing
7 info lifecycle ethereum_price_bot@1.0.0~start: ethereum_price_bot@1.0.0
8 verbose lifecycle ethereum_price_bot@1.0.0~start: unsafe-perm in lifecycle true
9 verbose lifecycle ethereum_price_bot@1.0.0~start: PATH: /Users/michael_wang/.nvm/versions/node/v0.12.13/lib/node_modules/npm/bin/node-gyp-bin:/Users/michael_wang/Documents/ethereum_price_bot/node_modules/.bin:/Users/michael_wang/.nvm/versions/node/v0.12.13/bin:/Users/michael_wang/.nvm/versions/node/v0.12.13/bin:/Users/michael_wang/.rbenv/shims:/Users/michael_wang/miniconda2/bin:/usr/local/bin:/usr/bin:/bin:/usr/sbin:/sbin:/usr/local/go/bin
10 verbose lifecycle ethereum_price_bot@1.0.0~start: CWD: /Users/michael_wang/Documents/ethereum_price_bot
11 silly lifecycle ethereum_price_bot@1.0.0~start: Args: [ '-c', 'node server.js' ]
12 silly lifecycle ethereum_price_bot@1.0.0~start: Returned: code: 1  signal: null
13 info lifecycle ethereum_price_bot@1.0.0~start: Failed to exec start script
14 verbose stack Error: ethereum_price_bot@1.0.0 start: `node server.js`
14 verbose stack Exit status 1
14 verbose stack     at EventEmitter.<anonymous> (/Users/michael_wang/.nvm/versions/node/v0.12.13/lib/node_modules/npm/lib/utils/lifecycle.js:239:16)
14 verbose stack     at EventEmitter.emit (events.js:110:17)
14 verbose stack     at ChildProcess.<anonymous> (/Users/michael_wang/.nvm/versions/node/v0.12.13/lib/node_modules/npm/lib/utils/spawn.js:24:14)
14 verbose stack     at ChildProcess.emit (events.js:110:17)
14 verbose stack     at maybeClose (child_process.js:1019:16)
14 verbose stack     at Process.ChildProcess._handle.onexit (child_process.js:1091:5)
15 verbose pkgid ethereum_price_bot@1.0.0
16 verbose cwd /Users/michael_wang/Documents/ethereum_price_bot
17 error Darwin 16.6.0
18 error argv "node" "/Users/michael_wang/.nvm/versions/node/v0.12.13/bin/npm" "start"
19 error node v0.12.13
20 error npm  v3.8.5
21 error code ELIFECYCLE
22 error ethereum_price_bot@1.0.0 start: `node server.js`
22 error Exit status 1
23 error Failed at the ethereum_price_bot@1.0.0 start script 'node server.js'.
23 error Make sure you have the latest version of node.js and npm installed.
23 error If you do, this is most likely a problem with the ethereum_price_bot package,
23 error not with npm itself.
23 error Tell the author that this fails on your system:
23 error     node server.js
23 error You can get information on how to open an issue for this project with:
23 error     npm bugs ethereum_price_bot
23 error Or if that isn't available, you can get their info via:
23 error     npm owner ls ethereum_price_bot
23 error There is likely additional logging output above.
24 verbose exit [ 1, true ]
